Analysis initiated from SIMULIA established products
Abaqus JOB uniaxial_tension_vumat
Abaqus 2023.HF4
USING MEMORY DOUG-LEA ALLOCATOR
Abaqus License Manager checked out the following licenses:
Abaqus/Explicit checked out 5 tokens from Flexnet server lic-abaqus.aalto.fi.
<60 out of 100 licenses remain available>.
Begin Compiling Double Precision Abaqus/Explicit User Subroutines
12/17/2023 7:58:41 PM
Intel(R) Fortran Intel(R) 64 Compiler Classic for applications running on IA-32, Version 2021.10.0 Build 20230609_000000
Copyright (C) 1985-2023 Intel Corporation.  All rights reserved.

ifort: command line warning #10212: /fp:precise evaluates in source precision with Fortran.
code.for(1): error #5149: Illegal character in statement label field  [s]
subroutine vumat(
^
code.for(1): error #5149: Illegal character in statement label field  [u]
subroutine vumat(
-^
code.for(1): error #5149: Illegal character in statement label field  [b]
subroutine vumat(
--^
code.for(1): error #5149: Illegal character in statement label field  [r]
subroutine vumat(
---^
code.for(1): error #5149: Illegal character in statement label field  [o]
subroutine vumat(
----^
code.for(1): error #5118: First statement in file must not be continued
subroutine vumat(
-----^
code.for(10): error #5082: Syntax error, found END-OF-STATEMENT when expecting one of: ( % . = =>
     7  stressNew, stateNew, enerInternNew, enerInelasNew )
-----------------------------------------------------------^
code.for(26): error #5082: Syntax error, found END-OF-STATEMENT when expecting one of: <IDENTIFIER>
     2  enerInternNew(nblock), enerInelasNew(nblock),
-----------------------------------------------------^
code.for(30): error #5082: Syntax error, found END-OF-STATEMENT when expecting one of: <IDENTIFIER>
	parameter ( zero = 0.d0, one = 1.d0, two = 2.d0,
--------------------------------------------------------^
code.for(31): error #5276: Unbalanced parentheses
	* third = 1.d0 / 3.d0, half = 0.5d0, op5 = 1.5d0)
--------------------------------------------------------^
code.for(31): error #5082: Syntax error, found '*' when expecting one of: <LABEL> <END-OF-STATEMENT> ; <IDENTIFIER> TYPE MODULE ELEMENTAL IMPURE NON_RECURSIVE ...
	* third = 1.d0 / 3.d0, half = 0.5d0, op5 = 1.5d0)
--------^
code.for(31): error #5082: Syntax error, found ')' when expecting one of: , <END-OF-STATEMENT> ;
	* third = 1.d0 / 3.d0, half = 0.5d0, op5 = 1.5d0)
--------------------------------------------------------^
code.for(61): error #5082: Syntax error, found '*' when expecting one of: <LABEL> <END-OF-STATEMENT> ; <IDENTIFIER> TYPE MODULE ELEMENTAL IMPURE NON_RECURSIVE ...
	* + twomu * strainInc(k,1) + alamda * trace
--------^
code.for(63): error #5082: Syntax error, found '*' when expecting one of: <LABEL> <END-OF-STATEMENT> ; <IDENTIFIER> TYPE MODULE ELEMENTAL IMPURE NON_RECURSIVE ...
	* + twomu * strainInc(k,2) + alamda * trace
--------^
code.for(65): error #5082: Syntax error, found '*' when expecting one of: <LABEL> <END-OF-STATEMENT> ; <IDENTIFIER> TYPE MODULE ELEMENTAL IMPURE NON_RECURSIVE ...
	* + twomu * strainInc(k,3) + alamda * trace
--------^
code.for(94): error #5082: Syntax error, found END-OF-STATEMENT when expecting one of: ( <IDENTIFIER> <CHAR_CON_KIND_PARAM> <CHAR_NAM_KIND_PARAM> <CHARACTER_CONSTANT> <INTEGER_CONSTANT> ...
	vmises = sqrt( op5 * ( s11 * s11 + s22 * s22 + s33 * s33 +
------------------------------------------------------------------^
code.for(95): error #5276: Unbalanced parentheses
	* two * s12 * s12 + two * s13 * s13 + two * s23 * s23 ) )
--------------------------------------------------------------^
code.for(95): error #5276: Unbalanced parentheses
	* two * s12 * s12 + two * s13 * s13 + two * s23 * s23 ) )
----------------------------------------------------------------^
code.for(95): error #5082: Syntax error, found '*' when expecting one of: <LABEL> <END-OF-STATEMENT> ; <IDENTIFIER> TYPE MODULE ELEMENTAL IMPURE NON_RECURSIVE ...
	* two * s12 * s12 + two * s13 * s13 + two * s23 * s23 ) )
--------^
code.for(95): error #5082: Syntax error, found ')' when expecting one of: , <END-OF-STATEMENT> ; . + - //
	* two * s12 * s12 + two * s13 * s13 + two * s23 * s23 ) )
--------------------------------------------------------------^
code.for(124): error #5149: Illegal character in statement label field  [i]
 if ( nshr .eq. 1 ) then
-^
code.for(124): error #5149: Illegal character in statement label field  [f]
 if ( nshr .eq. 1 ) then
--^
code.for(124): error #5149: Illegal character in statement label field  [(]
 if ( nshr .eq. 1 ) then
----^
code.for(124): error #5276: Unbalanced parentheses
 if ( nshr .eq. 1 ) then
------------------^
code.for(124): error #5082: Syntax error, found INTEGER_CONSTANT '1' when expecting one of: <IDENTIFIER> <CHAR_CON_KIND_PARAM> <CHAR_NAM_KIND_PARAM> <CHARACTER_CONSTANT>
 if ( nshr .eq. 1 ) then
----------------^
code.for(125): error #5082: Syntax error, found END-OF-STATEMENT when expecting one of: ( <IDENTIFIER> <CHAR_CON_KIND_PARAM> <CHAR_NAM_KIND_PARAM> <CHARACTER_CONSTANT> <INTEGER_CONSTANT> ...
	stressPower = half * (
------------------------------^
code.for(126): error #5082: Syntax error, found '*' when expecting one of: <LABEL> <END-OF-STATEMENT> ; <IDENTIFIER> TYPE MODULE ELEMENTAL IMPURE NON_RECURSIVE ...
	* ( stressOld(k,1) + stressNew(k,1) ) * strainInc(k,1) +
--------^
code.for(126): error #5082: Syntax error, found END-OF-STATEMENT when expecting one of: ( <IDENTIFIER> <CHAR_CON_KIND_PARAM> <CHAR_NAM_KIND_PARAM> <CHARACTER_CONSTANT> <INTEGER_CONSTANT> ...
	* ( stressOld(k,1) + stressNew(k,1) ) * strainInc(k,1) +
----------------------------------------------------------------^
code.for(127): error #5082: Syntax error, found '*' when expecting one of: <LABEL> <END-OF-STATEMENT> ; <IDENTIFIER> TYPE MODULE ELEMENTAL IMPURE NON_RECURSIVE ...
	* ( stressOld(k,2) + stressNew(k,2) ) * strainInc(k,2) +
--------^
code.for(127): error #5082: Syntax error, found END-OF-STATEMENT when expecting one of: ( <IDENTIFIER> <CHAR_CON_KIND_PARAM> <CHAR_NAM_KIND_PARAM> <CHARACTER_CONSTANT> <INTEGER_CONSTANT> ...
	* ( stressOld(k,2) + stressNew(k,2) ) * strainInc(k,2) +
----------------------------------------------------------------^
C:\Users\nguyenb5\AppData\Local\Temp\2052413.i(140): catastrophic error: Too many errors, exiting
compilation aborted for code.for (code 1)
Abaqus Error: Problem during compilation - code.for
Abaqus/Analysis exited with errors
